<?xml version="1.0" encoding="UTF-8"?>
<!-- Generated by org.testng.reporters.JUnitReportReporter -->
<testsuite hostname="E4ML24193" failures="0" tests="1" name="tests.VerifySignIn" time="16.274" errors="0" timestamp="31 Mar 2019 18:18:16 GMT" skipped="0">
  <testcase classname="tests.VerifySignIn" name="CreateAccount" time="16.274"/>
</testsuite> <!-- tests.VerifySignIn -->
