<?xml version="1.0" encoding="UTF-8"?>
<!-- Generated by org.testng.reporters.JUnitReportReporter -->
<testsuite hostname="E4ML24193" failures="0" tests="1" name="tests.VerifyHomepageLinks" time="7.940" errors="0" timestamp="31 Mar 2019 18:18:16 GMT" skipped="0">
  <testcase classname="tests.VerifyHomepageLinks" name="VerifyDashBoard" time="7.940"/>
</testsuite> <!-- tests.VerifyHomepageLinks -->
