<?xml version="1.0" encoding="UTF-8"?>
<!-- Generated by org.testng.reporters.JUnitReportReporter -->
<testsuite hostname="E4ML24193" failures="0" tests="1" name="tests.RegisterNewTours" time="6.571" errors="0" timestamp="31 Mar 2019 18:18:16 GMT" skipped="0">
  <testcase classname="tests.RegisterNewTours" name="CreateAccount" time="6.571"/>
</testsuite> <!-- tests.RegisterNewTours -->
